\BOOKMARK [0][]{section*.1}{List\040of\040Figures}{}% 1
\BOOKMARK [0][]{section*.2}{List\040of\040Tables}{}% 2
\BOOKMARK [0][]{section*.2}{Listings}{}% 3
\BOOKMARK [0][]{section*.3}{Acronyms}{}% 4
\BOOKMARK [0][]{chapter.1}{Introduction}{}% 5
\BOOKMARK [1][]{section.1.1}{Automotive\040Context}{chapter.1}% 6
\BOOKMARK [1][]{section.1.2}{Partner\040Company}{chapter.1}% 7
\BOOKMARK [1][]{section.1.3}{Thesis\040Objective}{chapter.1}% 8
\BOOKMARK [0][]{chapter.2}{State-of-the-Art\040Analysis}{}% 9
\BOOKMARK [1][]{section.2.1}{Current\040Automotive\040Software\040Development}{chapter.2}% 10
\BOOKMARK [2][]{subsection.2.1.1}{difficulties}{section.2.1}% 11
\BOOKMARK [1][]{section.2.2}{Introduction\040to\040Software\040Defined\040Vehicle}{chapter.2}% 12
\BOOKMARK [2][]{subsection.2.2.1}{Enablers}{section.2.2}% 13
\BOOKMARK [2][]{subsection.2.2.2}{Benefits}{section.2.2}% 14
\BOOKMARK [2][]{subsection.2.2.3}{initiatives:\040SOAFEE}{section.2.2}% 15
\BOOKMARK [0][]{chapter.3}{Cloud\040Computing\040and\040Amazon\040Web\040Services}{}% 16
\BOOKMARK [1][]{section.3.1}{Cloud\040Computing}{chapter.3}% 17
\BOOKMARK [1][]{section.3.2}{Amazon\040Web\040Services}{chapter.3}% 18
\BOOKMARK [2][]{subsection.3.2.1}{Security}{section.3.2}% 19
\BOOKMARK [0][]{chapter.4}{AWS\040Used\040Services}{}% 20
\BOOKMARK [1][]{section.4.1}{List\040of\040Services}{chapter.4}% 21
\BOOKMARK [0][]{chapter.5}{Proof\040Of\040Concept}{}% 22
\BOOKMARK [1][]{section.5.1}{Architectural\040design}{chapter.5}% 23
\BOOKMARK [2][]{subsection.5.1.1}{TCU\040Simulator}{section.5.1}% 24
\BOOKMARK [2][]{subsection.5.1.2}{Cloud\040Infrastructure}{section.5.1}% 25
\BOOKMARK [2][]{subsection.5.1.3}{Data\040Viewer}{section.5.1}% 26
\BOOKMARK [0][]{chapter.6}{Conclding\040Remarks}{}% 27
\BOOKMARK [1][]{section.6.1}{Test\040and\040Validation\040on\040RaspberryPi}{chapter.6}% 28
\BOOKMARK [1][]{section.6.2}{Contribution\040Recaps}{chapter.6}% 29
\BOOKMARK [2][]{subsection.6.2.1}{Are\040the\040PoC\040goals\040being\040met?}{section.6.2}% 30
\BOOKMARK [1][]{section.6.3}{Future\040Works}{chapter.6}% 31
\BOOKMARK [2][]{subsection.6.3.1}{Transform\040the\040poc\040in\040a\040product}{section.6.3}% 32
\BOOKMARK [0][]{Item.9}{Bibliography}{}% 33
